[00:08:07] [Server thread/INFO] [net.minecraft.server.dedicated.DedicatedServer]: Set Rokuronel1's game mode to Spectator Mode
[00:08:27] [Server thread/INFO] [net.minecraft.network.NetHandlerPlayServer]: CRIS159032 lost connection: Disconnected
[00:08:27] [Server thread/INFO] [net.minecraft.server.dedicated.DedicatedServer]: CRIS159032 left the game
[00:10:36] [Server thread/INFO] [net.minecraft.server.dedicated.DedicatedServer]: caaminn was slain by Zombie
[00:10:36] [Server thread/INFO] [tombmanygraves]: [TombManyGraves]: caaminn died in dimension 0 at BlockPos{x=-18, y=64, z=717}. Their grave may be near!
[00:21:42] [Server thread/INFO] [net.minecraft.server.dedicated.DedicatedServer]: caaminn has made the advancement [Sky of Beginning]
[00:26:20] [Server thread/WARN] [FML]: Quark loaded a new chunk [5, 63] in dimension 0 (overworld) while populating chunk [4, 63], causing cascading worldgen lag.
[00:26:20] [Server thread/WARN] [FML]: Please report this to the mod's issue tracker. This log can be disabled in the Forge config.
[00:27:33] [Server thread/WARN] [FML]: Thaumcraft loaded a new chunk [3, 69] in dimension 0 (overworld) while populating chunk [2, 69], causing cascading worldgen lag.
[00:27:33] [Server thread/WARN] [FML]: Please report this to the mod's issue tracker. This log can be disabled in the Forge config.
[00:27:33] [Server thread/WARN] [FML]: Thaumcraft loaded a new chunk [2, 70] in dimension 0 (overworld) while populating chunk [2, 69], causing cascading worldgen lag.
[00:27:33] [Server thread/WARN] [FML]: Please report this to the mod's issue tracker. This log can be disabled in the Forge config.
[00:27:36] [Server thread/WARN] [FML]: Thaumcraft loaded a new chunk [-3, 71] in dimension 0 (overworld) while populating chunk [-3, 70], causing cascading worldgen lag.
[00:27:36] [Server thread/WARN] [FML]: Please report this to the mod's issue tracker. This log can be disabled in the Forge config.
[00:27:36] [Server thread/WARN] [FML]: Thaumcraft loaded a new chunk [-4, 71] in dimension 0 (overworld) while populating chunk [-3, 71], causing cascading worldgen lag.
[00:27:36] [Server thread/WARN] [FML]: Please report this to the mod's issue tracker. This log can be disabled in the Forge config.
[00:27:38] [Server thread/WARN] [FML]: Thaumcraft loaded a new chunk [-5, 71] in dimension 0 (overworld) while populating chunk [-7, 71], causing cascading worldgen lag.
[00:27:38] [Server thread/WARN] [FML]: Please report this to the mod's issue tracker. This log can be disabled in the Forge config.
[00:27:38] [Server thread/WARN] [FML]: Thaumcraft loaded a new chunk [-6, 71] in dimension 0 (overworld) while populating chunk [-7, 71], causing cascading worldgen lag.
[00:27:38] [Server thread/WARN] [FML]: Please report this to the mod's issue tracker. This log can be disabled in the Forge config.
[00:27:45] [Server thread/WARN] [FML]: Thaumcraft loaded a new chunk [0, 72] in dimension 0 (overworld) while populating chunk [-1, 72], causing cascading worldgen lag.
[00:27:45] [Server thread/WARN] [FML]: Please report this to the mod's issue tracker. This log can be disabled in the Forge config.
[00:27:46] [Server thread/WARN] [FML]: Thaumcraft loaded a new chunk [3, 72] in dimension 0 (overworld) while populating chunk [2, 72], causing cascading worldgen lag.
[00:27:46] [Server thread/WARN] [FML]: Please report this to the mod's issue tracker. This log can be disabled in the Forge config.
[00:27:46] [Server thread/WARN] [FML]: Thaumcraft loaded a new chunk [5, 72] in dimension 0 (overworld) while populating chunk [4, 72], causing cascading worldgen lag.
[00:27:46] [Server thread/WARN] [FML]: Please report this to the mod's issue tracker. This log can be disabled in the Forge config.
[00:27:48] [Server thread/WARN] [FML]: Thaumcraft loaded a new chunk [-3, 73] in dimension 0 (overworld) while populating chunk [-4, 73], causing cascading worldgen lag.
[00:27:48] [Server thread/WARN] [FML]: Please report this to the mod's issue tracker. This log can be disabled in the Forge config.
[00:27:52] [Server thread/WARN] [FML]: Thaumcraft loaded a new chunk [0, 74] in dimension 0 (overworld) while populating chunk [-1, 74], causing cascading worldgen lag.
[00:27:52] [Server thread/WARN] [FML]: Please report this to the mod's issue tracker. This log can be disabled in the Forge config.
[00:27:52] [Server thread/WARN] [FML]: Thaumcraft loaded a new chunk [4, 75] in dimension 0 (overworld) while populating chunk [4, 74], causing cascading worldgen lag.
[00:27:52] [Server thread/WARN] [FML]: Please report this to the mod's issue tracker. This log can be disabled in the Forge config.
[00:27:56] [Server thread/WARN] [FML]: Thaumcraft loaded a new chunk [-1, 75] in dimension 0 (overworld) while populating chunk [0, 75], causing cascading worldgen lag.
[00:27:56] [Server thread/WARN] [FML]: Please report this to the mod's issue tracker. This log can be disabled in the Forge config.
[00:27:56] [Server thread/WARN] [FML]: Thaumcraft loaded a new chunk [-3, 75] in dimension 0 (overworld) while populating chunk [-2, 75], causing cascading worldgen lag.
[00:27:56] [Server thread/WARN] [FML]: Please report this to the mod's issue tracker. This log can be disabled in the Forge config.
[00:27:56] [Server thread/WARN] [FML]: Quark loaded a new chunk [9, 75] in dimension 0 (overworld) while populating chunk [8, 75], causing cascading worldgen lag.
[00:27:56] [Server thread/WARN] [FML]: Please report this to the mod's issue tracker. This log can be disabled in the Forge config.
[00:28:00] [Server thread/WARN] [FML]: Thaumcraft loaded a new chunk [6, 76] in dimension 0 (overworld) while populating chunk [5, 76], causing cascading worldgen lag.
[00:28:00] [Server thread/WARN] [FML]: Please report this to the mod's issue tracker. This log can be disabled in the Forge config.
[00:28:11] [Server thread/WARN] [FML]: Thaumcraft loaded a new chunk [2, 78] in dimension 0 (overworld) while populating chunk [2, 77], causing cascading worldgen lag.
[00:28:11] [Server thread/WARN] [FML]: Please report this to the mod's issue tracker. This log can be disabled in the Forge config.
[00:28:12] [Server thread/WARN] [FML]: Thaumcraft loaded a new chunk [4, 77] in dimension 0 (overworld) while populating chunk [3, 77], causing cascading worldgen lag.
[00:28:12] [Server thread/WARN] [FML]: Please report this to the mod's issue tracker. This log can be disabled in the Forge config.
[00:28:12] [Server thread/WARN] [FML]: Thaumcraft loaded a new chunk [-2, 77] in dimension 0 (overworld) while populating chunk [-1, 77], causing cascading worldgen lag.
[00:28:12] [Server thread/WARN] [FML]: Please report this to the mod's issue tracker. This log can be disabled in the Forge config.
[00:28:12] [Server thread/WARN] [FML]: Thaumcraft loaded a new chunk [-4, 77] in dimension 0 (overworld) while populating chunk [-3, 77], causing cascading worldgen lag.
[00:28:12] [Server thread/WARN] [FML]: Please report this to the mod's issue tracker. This log can be disabled in the Forge config.
[00:28:12] [Server thread/WARN] [FML]: Thaumcraft loaded a new chunk [-5, 77] in dimension 0 (overworld) while populating chunk [-3, 77], causing cascading worldgen lag.
[00:28:12] [Server thread/WARN] [FML]: Please report this to the mod's issue tracker. This log can be disabled in the Forge config.
[00:28:17] [Server thread/WARN] [FML]: Thaumcraft loaded a new chunk [-1, 79] in dimension 0 (overworld) while populating chunk [-1, 78], causing cascading worldgen lag.
[00:28:17] [Server thread/WARN] [FML]: Please report this to the mod's issue tracker. This log can be disabled in the Forge config.
[00:28:17] [Server thread/WARN] [FML]: Thaumcraft loaded a new chunk [3, 79] in dimension 0 (overworld) while populating chunk [3, 78], causing cascading worldgen lag.
[00:28:17] [Server thread/WARN] [FML]: Please report this to the mod's issue tracker. This log can be disabled in the Forge config.
[00:28:17] [Server thread/WARN] [FML]: Thaumcraft loaded a new chunk [2, 79] in dimension 0 (overworld) while populating chunk [3, 79], causing cascading worldgen lag.
[00:28:17] [Server thread/WARN] [FML]: Please report this to the mod's issue tracker. This log can be disabled in the Forge config.
[00:28:17] [Server thread/WARN] [FML]: Thaumcraft loaded a new chunk [4, 79] in dimension 0 (overworld) while populating chunk [4, 78], causing cascading worldgen lag.
[00:28:17] [Server thread/WARN] [FML]: Please report this to the mod's issue tracker. This log can be disabled in the Forge config.
[00:28:17] [Server thread/WARN] [FML]: Thaumcraft loaded a new chunk [6, 78] in dimension 0 (overworld) while populating chunk [5, 78], causing cascading worldgen lag.
[00:28:17] [Server thread/WARN] [FML]: Please report this to the mod's issue tracker. This log can be disabled in the Forge config.
[00:28:20] [Server thread/WARN] [FML]: Thaumcraft loaded a new chunk [11, 80] in dimension 0 (overworld) while populating chunk [11, 79], causing cascading worldgen lag.
[00:28:20] [Server thread/WARN] [FML]: Please report this to the mod's issue tracker. This log can be disabled in the Forge config.
[00:28:22] [Server thread/WARN] [FML]: Thaumcraft loaded a new chunk [-1, 80] in dimension 0 (overworld) while populating chunk [0, 80], causing cascading worldgen lag.
[00:28:22] [Server thread/WARN] [FML]: Please report this to the mod's issue tracker. This log can be disabled in the Forge config.
[00:28:28] [Server thread/WARN] [FML]: Thaumcraft loaded a new chunk [-7, 81] in dimension 0 (overworld) while populating chunk [-6, 81], causing cascading worldgen lag.
[00:28:28] [Server thread/WARN] [FML]: Please report this to the mod's issue tracker. This log can be disabled in the Forge config.
[00:28:28] [Server thread/WARN] [FML]: Thaumcraft loaded a new chunk [-8, 81] in dimension 0 (overworld) while populating chunk [-7, 81], causing cascading worldgen lag.
[00:28:28] [Server thread/WARN] [FML]: Please report this to the mod's issue tracker. This log can be disabled in the Forge config.
[00:28:29] [Server thread/WARN] [FML]: Thaumcraft loaded a new chunk [-4, 82] in dimension 0 (overworld) while populating chunk [-4, 81], causing cascading worldgen lag.
[00:28:29] [Server thread/WARN] [FML]: Please report this to the mod's issue tracker. This log can be disabled in the Forge config.
[00:28:29] [Server thread/WARN] [FML]: Thaumcraft loaded a new chunk [-5, 82] in dimension 0 (overworld) while populating chunk [-5, 81], causing cascading worldgen lag.
[00:28:29] [Server thread/WARN] [FML]: Please report this to the mod's issue tracker. This log can be disabled in the Forge config.
[00:28:29] [Server thread/WARN] [FML]: Thaumcraft loaded a new chunk [-6, 82] in dimension 0 (overworld) while populating chunk [-5, 81], causing cascading worldgen lag.
[00:28:29] [Server thread/WARN] [FML]: Please report this to the mod's issue tracker. This log can be disabled in the Forge config.
[00:28:37] [Server thread/WARN] [FML]: Thaumcraft loaded a new chunk [-1, 82] in dimension 0 (overworld) while populating chunk [-2, 82], causing cascading worldgen lag.
[00:28:37] [Server thread/WARN] [FML]: Please report this to the mod's issue tracker. This log can be disabled in the Forge config.
[00:28:37] [Server thread/WARN] [FML]: Thaumcraft loaded a new chunk [-3, 82] in dimension 0 (overworld) while populating chunk [-2, 82], causing cascading worldgen lag.
[00:28:37] [Server thread/WARN] [FML]: Please report this to the mod's issue tracker. This log can be disabled in the Forge config.
[00:28:37] [Server thread/WARN] [FML]: Thaumcraft loaded a new chunk [-3, 83] in dimension 0 (overworld) while populating chunk [-3, 82], causing cascading worldgen lag.
[00:28:37] [Server thread/WARN] [FML]: Please report this to the mod's issue tracker. This log can be disabled in the Forge config.
[00:28:43] [Server thread/WARN] [FML]: Thaumcraft loaded a new chunk [1, 83] in dimension 0 (overworld) while populating chunk [2, 83], causing cascading worldgen lag.
[00:28:43] [Server thread/WARN] [FML]: Please report this to the mod's issue tracker. This log can be disabled in the Forge config.
[00:28:49] [Server thread/WARN] [FML]: Thaumcraft loaded a new chunk [-5, 83] in dimension 0 (overworld) while populating chunk [-4, 83], causing cascading worldgen lag.
[00:28:49] [Server thread/WARN] [FML]: Please report this to the mod's issue tracker. This log can be disabled in the Forge config.
[00:28:49] [Server thread/WARN] [FML]: Thaumcraft loaded a new chunk [-6, 83] in dimension 0 (overworld) while populating chunk [-4, 83], causing cascading worldgen lag.
[00:28:49] [Server thread/WARN] [FML]: Please report this to the mod's issue tracker. This log can be disabled in the Forge config.
[00:28:52] [Server thread/WARN] [FML]: Thaumcraft loaded a new chunk [4, 84] in dimension 0 (overworld) while populating chunk [3, 84], causing cascading worldgen lag.
[00:28:52] [Server thread/WARN] [FML]: Please report this to the mod's issue tracker. This log can be disabled in the Forge config.
[00:28:52] [Server thread/WARN] [FML]: Thaumcraft loaded a new chunk [-2, 84] in dimension 0 (overworld) while populating chunk [-1, 84], causing cascading worldgen lag.
[00:28:52] [Server thread/WARN] [FML]: Please report this to the mod's issue tracker. This log can be disabled in the Forge config.
[00:28:53] [Server thread/WARN] [FML]: Thaumcraft loaded a new chunk [-5, 84] in dimension 0 (overworld) while populating chunk [-4, 84], causing cascading worldgen lag.
[00:28:53] [Server thread/WARN] [FML]: Please report this to the mod's issue tracker. This log can be disabled in the Forge config.
[00:28:55] [Server thread/WARN] [FML]: Thaumcraft loaded a new chunk [-7, 85] in dimension 0 (overworld) while populating chunk [-8, 85], causing cascading worldgen lag.
[00:28:55] [Server thread/WARN] [FML]: Please report this to the mod's issue tracker. This log can be disabled in the Forge config.
[00:28:55] [Server thread/WARN] [FML]: Thaumcraft loaded a new chunk [-5, 85] in dimension 0 (overworld) while populating chunk [-6, 85], causing cascading worldgen lag.
[00:28:55] [Server thread/WARN] [FML]: Please report this to the mod's issue tracker. This log can be disabled in the Forge config.
[00:28:57] [Server thread/WARN] [FML]: Thaumcraft loaded a new chunk [-1, 86] in dimension 0 (overworld) while populating chunk [0, 86], causing cascading worldgen lag.
[00:28:57] [Server thread/WARN] [FML]: Please report this to the mod's issue tracker. This log can be disabled in the Forge config.
[00:28:57] [Server thread/WARN] [FML]: Thaumcraft loaded a new chunk [-3, 87] in dimension 0 (overworld) while populating chunk [-4, 86], causing cascading worldgen lag.
[00:28:57] [Server thread/WARN] [FML]: Please report this to the mod's issue tracker. This log can be disabled in the Forge config.
[00:28:57] [Server thread/WARN] [FML]: Thaumcraft loaded a new chunk [-4, 87] in dimension 0 (overworld) while populating chunk [-4, 86], causing cascading worldgen lag.
[00:28:57] [Server thread/WARN] [FML]: Please report this to the mod's issue tracker. This log can be disabled in the Forge config.
[00:28:57] [Server thread/WARN] [FML]: Thaumcraft loaded a new chunk [-5, 87] in dimension 0 (overworld) while populating chunk [-6, 86], causing cascading worldgen lag.
[00:28:57] [Server thread/WARN] [FML]: Please report this to the mod's issue tracker. This log can be disabled in the Forge config.
[00:28:57] [Server thread/WARN] [FML]: Thaumcraft loaded a new chunk [-6, 87] in dimension 0 (overworld) while populating chunk [-5, 87], causing cascading worldgen lag.
[00:28:57] [Server thread/WARN] [FML]: Please report this to the mod's issue tracker. This log can be disabled in the Forge config.
[00:28:57] [Server thread/WARN] [FML]: Thaumcraft loaded a new chunk [-7, 87] in dimension 0 (overworld) while populating chunk [-6, 87], causing cascading worldgen lag.
[00:28:57] [Server thread/WARN] [FML]: Please report this to the mod's issue tracker. This log can be disabled in the Forge config.
[00:28:57] [Server thread/WARN] [FML]: Thaumcraft loaded a new chunk [-7, 86] in dimension 0 (overworld) while populating chunk [-6, 87], causing cascading worldgen lag.
[00:28:57] [Server thread/WARN] [FML]: Please report this to the mod's issue tracker. This log can be disabled in the Forge config.
[00:29:04] [Server thread/WARN] [FML]: Thaumcraft loaded a new chunk [-3, 88] in dimension 0 (overworld) while populating chunk [-2, 88], causing cascading worldgen lag.
[00:29:04] [Server thread/WARN] [FML]: Please report this to the mod's issue tracker. This log can be disabled in the Forge config.
[00:29:04] [Server thread/WARN] [FML]: Thaumcraft loaded a new chunk [-3, 89] in dimension 0 (overworld) while populating chunk [-3, 88], causing cascading worldgen lag.
[00:29:04] [Server thread/WARN] [FML]: Please report this to the mod's issue tracker. This log can be disabled in the Forge config.
[00:29:04] [Server thread/WARN] [FML]: Thaumcraft loaded a new chunk [-4, 88] in dimension 0 (overworld) while populating chunk [-3, 89], causing cascading worldgen lag.
[00:29:04] [Server thread/WARN] [FML]: Please report this to the mod's issue tracker. This log can be disabled in the Forge config.
[00:29:12] [Server thread/WARN] [FML]: Thaumcraft loaded a new chunk [-9, 88] in dimension 0 (overworld) while populating chunk [-8, 89], causing cascading worldgen lag.
[00:29:12] [Server thread/WARN] [FML]: Please report this to the mod's issue tracker. This log can be disabled in the Forge config.
[00:29:14] [Server thread/WARN] [FML]: Thaumcraft loaded a new chunk [-9, 89] in dimension 0 (overworld) while populating chunk [-8, 90], causing cascading worldgen lag.
[00:29:14] [Server thread/WARN] [FML]: Please report this to the mod's issue tracker. This log can be disabled in the Forge config.
[00:29:15] [Server thread/WARN] [FML]: Thaumcraft loaded a new chunk [-3, 91] in dimension 0 (overworld) while populating chunk [-3, 90], causing cascading worldgen lag.
[00:29:15] [Server thread/WARN] [FML]: Please report this to the mod's issue tracker. This log can be disabled in the Forge config.
[00:29:29] [Server thread/WARN] [FML]: Thaumcraft loaded a new chunk [-7, 93] in dimension 0 (overworld) while populating chunk [-6, 93], causing cascading worldgen lag.
[00:29:29] [Server thread/WARN] [FML]: Please report this to the mod's issue tracker. This log can be disabled in the Forge config.
[00:29:48] [Server thread/WARN] [FML]: Quark loaded a new chunk [9, 98] in dimension 0 (overworld) while populating chunk [8, 98], causing cascading worldgen lag.
[00:29:48] [Server thread/WARN] [FML]: Please report this to the mod's issue tracker. This log can be disabled in the Forge config.
[00:31:10] [Server thread/INFO] [net.minecraft.server.dedicated.DedicatedServer]: caaminn has made the advancement [Sweet dreams]
[00:31:24] [Server thread/WARN] [FML]: Thaumcraft loaded a new chunk [18, 94] in dimension 0 (overworld) while populating chunk [18, 95], causing cascading worldgen lag.
[00:31:24] [Server thread/WARN] [FML]: Please report this to the mod's issue tracker. This log can be disabled in the Forge config.
[00:34:54] [Server thread/WARN] [FML]: Thaumcraft loaded a new chunk [7, 115] in dimension 0 (overworld) while populating chunk [8, 115], causing cascading worldgen lag.
[00:34:54] [Server thread/WARN] [FML]: Please report this to the mod's issue tracker. This log can be disabled in the Forge config.
[00:34:54] [Server thread/WARN] [FML]: Thaumcraft loaded a new chunk [6, 115] in dimension 0 (overworld) while populating chunk [8, 115], causing cascading worldgen lag.
[00:34:54] [Server thread/WARN] [FML]: Please report this to the mod's issue tracker. This log can be disabled in the Forge config.
[00:35:15] [Server thread/WARN] [FML]: Quark loaded a new chunk [23, 117] in dimension 0 (overworld) while populating chunk [22, 117], causing cascading worldgen lag.
[00:35:15] [Server thread/WARN] [FML]: Please report this to the mod's issue tracker. This log can be disabled in the Forge config.
[00:35:15] [Server thread/WARN] [FML]: Quark loaded a new chunk [23, 118] in dimension 0 (overworld) while populating chunk [22, 117], causing cascading worldgen lag.
[00:35:15] [Server thread/WARN] [FML]: Please report this to the mod's issue tracker. This log can be disabled in the Forge config.
[00:36:15] [Server thread/WARN] [FML]: Quark loaded a new chunk [26, 132] in dimension 0 (overworld) while populating chunk [27, 131], causing cascading worldgen lag.
[00:36:15] [Server thread/WARN] [FML]: Please report this to the mod's issue tracker. This log can be disabled in the Forge config.
[00:36:15] [Server thread/WARN] [FML]: Quark loaded a new chunk [27, 132] in dimension 0 (overworld) while populating chunk [27, 131], causing cascading worldgen lag.
[00:36:15] [Server thread/WARN] [FML]: Please report this to the mod's issue tracker. This log can be disabled in the Forge config.
[00:36:59] [Server thread/WARN] [FML]: Quark loaded a new chunk [12, 139] in dimension 0 (overworld) while populating chunk [12, 138], causing cascading worldgen lag.
[00:36:59] [Server thread/WARN] [FML]: Please report this to the mod's issue tracker. This log can be disabled in the Forge config.
[00:37:41] [Server thread/WARN] [FML]: Quark loaded a new chunk [31, 146] in dimension 0 (overworld) while populating chunk [30, 146], causing cascading worldgen lag.
[00:37:41] [Server thread/WARN] [FML]: Please report this to the mod's issue tracker. This log can be disabled in the Forge config.
[00:40:57] [Server thread/WARN] [FML]: Quark loaded a new chunk [18, 177] in dimension 0 (overworld) while populating chunk [18, 176], causing cascading worldgen lag.
[00:40:57] [Server thread/WARN] [FML]: Please report this to the mod's issue tracker. This log can be disabled in the Forge config.
[00:40:57] [Server thread/WARN] [FML]: Quark loaded a new chunk [17, 177] in dimension 0 (overworld) while populating chunk [18, 176], causing cascading worldgen lag.
[00:40:57] [Server thread/WARN] [FML]: Please report this to the mod's issue tracker. This log can be disabled in the Forge config.
[00:44:06] [Server thread/INFO] [net.minecraft.server.dedicated.DedicatedServer]: caaminn has made the advancement [Shinies Acquired!]
[00:47:29] [Server thread/INFO] [net.minecraft.server.dedicated.DedicatedServer]: caaminn has made the advancement [Better Pickaxe]
[00:59:00] [Server thread/INFO] [net.minecraft.server.dedicated.DedicatedServer]: Set Rokuronel1's game mode to Survival Mode
[00:59:24] [Server thread/INFO] [net.minecraft.server.dedicated.DedicatedServer]: Teleported Rokuronel1 to caaminn
[01:00:58] [Server thread/WARN] [FML]: Quark loaded a new chunk [34, 172] in dimension 0 (overworld) while populating chunk [34, 171], causing cascading worldgen lag.
[01:00:58] [Server thread/WARN] [FML]: Please report this to the mod's issue tracker. This log can be disabled in the Forge config.
[01:00:58] [Server thread/WARN] [FML]: Quark loaded a new chunk [35, 171] in dimension 0 (overworld) while populating chunk [34, 171], causing cascading worldgen lag.
[01:00:58] [Server thread/WARN] [FML]: Please report this to the mod's issue tracker. This log can be disabled in the Forge config.
[01:00:58] [Server thread/WARN] [FML]: Quark loaded a new chunk [35, 172] in dimension 0 (overworld) while populating chunk [34, 171], causing cascading worldgen lag.
[01:00:58] [Server thread/WARN] [FML]: Please report this to the mod's issue tracker. This log can be disabled in the Forge config.
[01:02:23] [Server thread/INFO] [morpheus]: Rokuronel1 is now sleeping. 1/2 (50%)
[01:02:23] [Server thread/WARN] [net.minecraft.network.NetHandlerPlayServer]: Rokuronel1 moved wrongly!
[01:04:26] [Server thread/WARN] [FML]: Quark loaded a new chunk [15, 179] in dimension 0 (overworld) while populating chunk [16, 180], causing cascading worldgen lag.
[01:04:26] [Server thread/WARN] [FML]: Please report this to the mod's issue tracker. This log can be disabled in the Forge config.
[01:04:31] [Server thread/WARN] [FML]: Quark loaded a new chunk [15, 182] in dimension 0 (overworld) while populating chunk [16, 182], causing cascading worldgen lag.
[01:04:31] [Server thread/WARN] [FML]: Please report this to the mod's issue tracker. This log can be disabled in the Forge config.
[01:04:31] [Server thread/WARN] [FML]: Quark loaded a new chunk [15, 181] in dimension 0 (overworld) while populating chunk [16, 182], causing cascading worldgen lag.
[01:04:31] [Server thread/WARN] [FML]: Please report this to the mod's issue tracker. This log can be disabled in the Forge config.
[01:04:31] [Server thread/WARN] [FML]: Quark loaded a new chunk [20, 183] in dimension 0 (overworld) while populating chunk [20, 182], causing cascading worldgen lag.
[01:04:31] [Server thread/WARN] [FML]: Please report this to the mod's issue tracker. This log can be disabled in the Forge config.
[01:04:31] [Server thread/WARN] [FML]: Quark loaded a new chunk [21, 182] in dimension 0 (overworld) while populating chunk [20, 182], causing cascading worldgen lag.
[01:04:31] [Server thread/WARN] [FML]: Please report this to the mod's issue tracker. This log can be disabled in the Forge config.
[01:04:31] [Server thread/WARN] [FML]: Quark loaded a new chunk [21, 183] in dimension 0 (overworld) while populating chunk [20, 182], causing cascading worldgen lag.
[01:04:31] [Server thread/WARN] [FML]: Please report this to the mod's issue tracker. This log can be disabled in the Forge config.
[01:06:05] [Server thread/INFO] [net.minecraft.server.dedicated.DedicatedServer]: Server Backup started!
[01:06:05] [File IO Thread/INFO] [FTB Backups]: Backing up 71 files...
[01:06:05] [File IO Thread/INFO] [FTB Backups]: Compressing 71 files...
[01:06:08] [File IO Thread/INFO] [FTB Backups]: Done compressing in 00:03 seconds (38.0MB)!
[01:06:08] [File IO Thread/INFO] [FTB Backups]: Created /workspaces/atm-3/servidor_minecraft/./backups/2025-01-22-01-06-05.zip from /workspaces/atm-3/servidor_minecraft/./world
[01:06:08] [File IO Thread/INFO] [net.minecraft.server.dedicated.DedicatedServer]: Server backup done in 00:03! (38.0MB)
[01:06:18] [Server thread/INFO] [net.minecraft.server.dedicated.DedicatedServer]: caaminn was slain by Zombie
[01:06:18] [Server thread/INFO] [tombmanygraves]: [TombManyGraves]: caaminn died in dimension 0 at BlockPos{x=418, y=32, z=2885}. Their grave may be near!
[01:06:29] [Server thread/INFO] [net.minecraft.server.dedicated.DedicatedServer]: Teleported caaminn to Rokuronel1
[01:06:38] [Server thread/INFO] [net.minecraft.server.dedicated.DedicatedServer]: caaminn was slain by Zombie
[01:06:38] [Server thread/INFO] [tombmanygraves]: [TombManyGraves]: caaminn died in dimension 0 at BlockPos{x=419, y=32, z=2883}. Their grave may be near!
[01:06:47] [Server thread/INFO] [net.minecraft.server.dedicated.DedicatedServer]: Teleported caaminn to Rokuronel1
[01:07:47] [Server thread/INFO] [net.minecraft.server.dedicated.DedicatedServer]: Rokuronel1 has made the advancement [Shinies Acquired!]
[01:12:15] [Server thread/INFO] [net.minecraft.server.dedicated.DedicatedServer]: Rokuronel1 was shot by Skeleton
[01:12:15] [Server thread/INFO] [tombmanygraves]: [TombManyGraves]: Rokuronel1 died in dimension 0 at BlockPos{x=343, y=32, z=2951}. Their grave may be near!
[01:12:20] [Server thread/INFO] [net.minecraft.server.dedicated.DedicatedServer]: Teleported Rokuronel1 to caaminn
[01:13:48] [Server thread/INFO] [net.minecraft.server.dedicated.DedicatedServer]: Rokuronel1 got revenge on Skeleton
[01:14:02] [Server thread/INFO] [net.minecraft.server.dedicated.DedicatedServer]: caaminn was shot by Skeleton
[01:14:02] [Server thread/INFO] [tombmanygraves]: [TombManyGraves]: caaminn died in dimension 0 at BlockPos{x=343, y=32, z=2937}. Their grave may be near!
[01:14:03] [Server thread/WARN] [net.minecraft.entity.EntityTrackerEntry]: Fetching addPacket for removed entity
[01:14:03] [Server thread/WARN] [net.minecraft.entity.EntityTrackerEntry]: Fetching addPacket for removed entity
[01:14:10] [Server thread/INFO] [net.minecraft.server.dedicated.DedicatedServer]: Teleported caaminn to Rokuronel1
[01:14:55] [Server thread/INFO] [net.minecraft.server.dedicated.DedicatedServer]: Rokuronel1 has made the advancement [Better Pickaxe]
[01:21:37] [Server thread/INFO] [net.minecraft.server.dedicated.DedicatedServer]: caaminn has made the advancement [Diamonds!]
[01:25:18] [Server thread/INFO] [net.minecraft.server.dedicated.DedicatedServer]: caaminn was slain by Zombie
[01:25:18] [Server thread/INFO] [tombmanygraves]: [TombManyGraves]: caaminn died in dimension 0 at BlockPos{x=322, y=29, z=2873}. Their grave may be near!
[01:25:26] [Server thread/INFO] [net.minecraft.server.dedicated.DedicatedServer]: Teleported caaminn to Rokuronel1
[01:27:14] [Server thread/INFO] [net.minecraft.server.dedicated.DedicatedServer]: caaminn was slain by Zombie
[01:27:14] [Server thread/INFO] [tombmanygraves]: [TombManyGraves]: caaminn died in dimension 0 at BlockPos{x=378, y=14, z=2865}. Their grave may be near!
[01:27:20] [Server thread/INFO] [net.minecraft.server.dedicated.DedicatedServer]: Opped caaminn
[01:27:44] [Server thread/INFO] [net.minecraft.server.dedicated.DedicatedServer]: Opped Rokuronel1
[01:27:51] [Server thread/INFO] [net.minecraft.server.dedicated.DedicatedServer]: [Rokuronel1: Teleported caaminn to Rokuronel1]
[01:29:32] [Server thread/INFO] [net.minecraft.server.dedicated.DedicatedServer]: <caaminn> x:321, y:28, z:2875
[01:29:41] [Server thread/INFO] [net.minecraft.server.dedicated.DedicatedServer]: <Rokuronel1> x:343, y:32, z:2954
[01:29:49] [Server thread/INFO] [net.minecraft.server.dedicated.DedicatedServer]: <Rokuronel1> 343 32 2954
[01:29:59] [Server thread/INFO] [net.minecraft.server.dedicated.DedicatedServer]: <caaminn> 321 28 2875
[01:30:09] [Server thread/INFO] [net.minecraft.server.dedicated.DedicatedServer]: [caaminn: Teleported caaminn to 321.5, 28.0, 2875.5]
[01:30:54] [Server thread/INFO] [net.minecraft.server.dedicated.DedicatedServer]: Rokuronel1 fell from a high place
[01:30:54] [Server thread/INFO] [tombmanygraves]: [TombManyGraves]: Rokuronel1 died in dimension 0 at BlockPos{x=402, y=39, z=2887}. Their grave may be near!
[01:32:08] [Server thread/INFO] [net.minecraft.server.dedicated.DedicatedServer]: [Rokuronel1: Teleported caaminn to Rokuronel1]
[01:34:13] [Server thread/INFO] [morpheus]: caaminn is now sleeping. 1/2 (50%)
[01:34:13] [Server thread/WARN] [net.minecraft.network.NetHandlerPlayServer]: Rokuronel1 moved wrongly!
[01:34:13] [Server thread/WARN] [net.minecraft.network.NetHandlerPlayServer]: caaminn moved wrongly!
[01:35:00] [Server thread/WARN] [FML]: Quark loaded a new chunk [26, 199] in dimension 0 (overworld) while populating chunk [27, 198], causing cascading worldgen lag.
[01:35:00] [Server thread/WARN] [FML]: Please report this to the mod's issue tracker. This log can be disabled in the Forge config.
[01:35:05] [Server thread/WARN] [FML]: Thaumcraft loaded a new chunk [20, 200] in dimension 0 (overworld) while populating chunk [21, 200], causing cascading worldgen lag.
[01:35:05] [Server thread/WARN] [FML]: Please report this to the mod's issue tracker. This log can be disabled in the Forge config.
[01:35:09] [Server thread/WARN] [FML]: Thaumcraft loaded a new chunk [16, 201] in dimension 0 (overworld) while populating chunk [15, 201], causing cascading worldgen lag.
[01:35:09] [Server thread/WARN] [FML]: Please report this to the mod's issue tracker. This log can be disabled in the Forge config.
[01:35:18] [Server thread/WARN] [FML]: Thaumcraft loaded a new chunk [15, 204] in dimension 0 (overworld) while populating chunk [15, 203], causing cascading worldgen lag.
[01:35:18] [Server thread/WARN] [FML]: Please report this to the mod's issue tracker. This log can be disabled in the Forge config.
[01:35:18] [Server thread/WARN] [FML]: Thaumcraft loaded a new chunk [14, 203] in dimension 0 (overworld) while populating chunk [15, 203], causing cascading worldgen lag.
[01:35:18] [Server thread/WARN] [FML]: Please report this to the mod's issue tracker. This log can be disabled in the Forge config.
[01:35:18] [Server thread/WARN] [FML]: Thaumcraft loaded a new chunk [18, 204] in dimension 0 (overworld) while populating chunk [18, 203], causing cascading worldgen lag.
[01:35:18] [Server thread/WARN] [FML]: Please report this to the mod's issue tracker. This log can be disabled in the Forge config.
[01:35:18] [Server thread/WARN] [FML]: Thaumcraft loaded a new chunk [17, 204] in dimension 0 (overworld) while populating chunk [18, 204], causing cascading worldgen lag.
[01:35:18] [Server thread/WARN] [FML]: Please report this to the mod's issue tracker. This log can be disabled in the Forge config.
[01:35:18] [Server thread/WARN] [FML]: Thaumcraft loaded a new chunk [16, 204] in dimension 0 (overworld) while populating chunk [18, 204], causing cascading worldgen lag.
[01:35:18] [Server thread/WARN] [FML]: Please report this to the mod's issue tracker. This log can be disabled in the Forge config.
[01:35:23] [Server thread/WARN] [FML]: Thaumcraft loaded a new chunk [19, 204] in dimension 0 (overworld) while populating chunk [20, 204], causing cascading worldgen lag.
[01:35:23] [Server thread/WARN] [FML]: Please report this to the mod's issue tracker. This log can be disabled in the Forge config.
[01:35:23] [Server thread/WARN] [FML]: Thaumcraft loaded a new chunk [18, 204] in dimension 0 (overworld) while populating chunk [19, 204], causing cascading worldgen lag.
[01:35:23] [Server thread/WARN] [FML]: Please report this to the mod's issue tracker. This log can be disabled in the Forge config.
[01:35:30] [Server thread/INFO] [net.minecraft.server.dedicated.DedicatedServer]: [Rokuronel1: Teleported Rokuronel1 to caaminn]
